java.lang.NoSuchMethodException: org.openxmlformats.schemas.wordprocessingml.x2006.main.impl.CTPictureBaseImpl.<init>(org.apache.xmlbeans.SchemaType, boolean)
	at java.lang.Class.getConstructor0(Unknown Source)
	at java.lang.Class.getDeclaredConstructor(Unknown Source)
	at org.apache.xmlbeans.impl.schema.SchemaTypeImpl.getJavaImplConstructor2(SchemaTypeImpl.java:1817)
	at org.apache.xmlbeans.impl.schema.SchemaTypeImpl.createUnattachedSubclass(SchemaTypeImpl.java:1961)
	at org.apache.xmlbeans.impl.schema.SchemaTypeImpl.createUnattachedNode(SchemaTypeImpl.java:1950)
	at org.apache.xmlbeans.impl.schema.SchemaTypeImpl.createElementType(SchemaTypeImpl.java:1051)
	at org.apache.xmlbeans.impl.values.XmlObjectBase.create_element_user(XmlObjectBase.java:938)
	at org.apache.xmlbeans.impl.store.Xobj.getUser(Xobj.java:1675)
	at org.apache.xmlbeans.impl.store.Cur.getUser(Cur.java:2659)
	at org.apache.xmlbeans.impl.store.Cur.getObject(Cur.java:2652)
	at org.apache.xmlbeans.impl.store.Cursor._getObject(Cursor.java:995)
	at org.apache.xmlbeans.impl.store.Cursor.getObject(Cursor.java:2904)
	at org.apache.poi.xwpf.usermodel.XWPFDocument.onDocumentRead(XWPFDocument.java:162)
	at org.apache.poi.POIXMLDocument.load(POIXMLDocument.java:169)
	at org.apache.poi.xwpf.usermodel.XWPFDocument.<init>(XWPFDocument.java:119)
	at utils.WordReader.readWord(WordReader.java:51)
	at main.Controller.lambda$doExtracter$2(Controller.java:75)
	at java.lang.Thread.run(Unknown Source)
java.lang.NoSuchMethodException: org.openxmlformats.schemas.wordprocessingml.x2006.main.impl.CTPictureBaseImpl.<init>(org.apache.xmlbeans.SchemaType, boolean)
	at java.lang.Class.getConstructor0(Unknown Source)
	at java.lang.Class.getDeclaredConstructor(Unknown Source)
	at org.apache.xmlbeans.impl.schema.SchemaTypeImpl.getJavaImplConstructor2(SchemaTypeImpl.java:1817)
	at org.apache.xmlbeans.impl.schema.SchemaTypeImpl.createUnattachedSubclass(SchemaTypeImpl.java:1961)
	at org.apache.xmlbeans.impl.schema.SchemaTypeImpl.createUnattachedNode(SchemaTypeImpl.java:1950)
	at org.apache.xmlbeans.impl.schema.SchemaTypeImpl.createElementType(SchemaTypeImpl.java:1051)
	at org.apache.xmlbeans.impl.values.XmlObjectBase.create_element_user(XmlObjectBase.java:938)
	at org.apache.xmlbeans.impl.store.Xobj.getUser(Xobj.java:1675)
	at org.apache.xmlbeans.impl.store.Cur.getUser(Cur.java:2659)
	at org.apache.xmlbeans.impl.store.Cur.getObject(Cur.java:2652)
	at org.apache.xmlbeans.impl.store.Cursor._getObject(Cursor.java:995)
	at org.apache.xmlbeans.impl.store.Cursor.getObject(Cursor.java:2904)
	at org.apache.poi.xwpf.usermodel.XWPFDocument.onDocumentRead(XWPFDocument.java:162)
	at org.apache.poi.POIXMLDocument.load(POIXMLDocument.java:169)
	at org.apache.poi.xwpf.usermodel.XWPFDocument.<init>(XWPFDocument.java:119)
	at utils.WordReader.readWord(WordReader.java:51)
	at main.Controller.lambda$doExtracter$2(Controller.java:75)
	at java.lang.Thread.run(Unknown Source)
java.lang.NoSuchMethodException: org.openxmlformats.schemas.wordprocessingml.x2006.main.impl.CTPictureBaseImpl.<init>(org.apache.xmlbeans.SchemaType, boolean)
	at java.lang.Class.getConstructor0(Unknown Source)
	at java.lang.Class.getDeclaredConstructor(Unknown Source)
	at org.apache.xmlbeans.impl.schema.SchemaTypeImpl.getJavaImplConstructor2(SchemaTypeImpl.java:1817)
	at org.apache.xmlbeans.impl.schema.SchemaTypeImpl.createUnattachedSubclass(SchemaTypeImpl.java:1961)
	at org.apache.xmlbeans.impl.schema.SchemaTypeImpl.createUnattachedNode(SchemaTypeImpl.java:1950)
	at org.apache.xmlbeans.impl.schema.SchemaTypeImpl.createElementType(SchemaTypeImpl.java:1051)
	at org.apache.xmlbeans.impl.values.XmlObjectBase.create_element_user(XmlObjectBase.java:938)
	at org.apache.xmlbeans.impl.store.Xobj.getUser(Xobj.java:1675)
	at org.apache.xmlbeans.impl.store.Cur.getUser(Cur.java:2659)
	at org.apache.xmlbeans.impl.store.Cur.getObject(Cur.java:2652)
	at org.apache.xmlbeans.impl.store.Cursor._getObject(Cursor.java:995)
	at org.apache.xmlbeans.impl.store.Cursor.getObject(Cursor.java:2904)
	at org.apache.poi.xwpf.usermodel.XWPFDocument.onDocumentRead(XWPFDocument.java:162)
	at org.apache.poi.POIXMLDocument.load(POIXMLDocument.java:169)
	at org.apache.poi.xwpf.usermodel.XWPFDocument.<init>(XWPFDocument.java:119)
	at utils.WordReader.readWord(WordReader.java:51)
	at main.Controller.lambda$doExtracter$2(Controller.java:75)
	at java.lang.Thread.run(Unknown Source)
